# JRE version: OpenJDK Runtime Environment GraalVM CE 22.3.0 (17.0.5+8) (build 17.0.5+8-jvmci-22.3-b08)
# Java VM: OpenJDK 64-Bit Server VM GraalVM CE 22.3.0 (17.0.5+8-jvmci-22.3-b08, mixed mode, sharing, tiered, jvmci, jvmci compiler, compressed oops, compressed class ptrs, parallel gc, linux-amd64)
GC Precious Log:
 CPUs: 8 total, 1 available
 Memory: 1024M
 Large Page Support: Disabled
 NUMA Support: Disabled
 Compressed Oops: Enabled (32-bit)
 Alignments: Space 512K, Generation 512K, Heap 2M
 Heap Min Capacity: 100M
 Heap Initial Capacity: 100M
 Heap Max Capacity: 512M
 Pre-touch: Disabled
 Parallel Workers: 1
Heap:
 PSYoungGen      total 44032K, used 21504K [0x00000000f5580000, 0x00000000f9780000, 0x0000000100000000)
  eden space 21504K, 100% used [0x00000000f5580000,0x00000000f6a80000,0x00000000f6a80000)
  from space 22528K, 0% used [0x00000000f6a80000,0x00000000f6a80000,0x00000000f8080000)
  to   space 21504K, 0% used [0x00000000f8180000,0x00000000f8180000,0x00000000f9680000)
 ParOldGen       total 349696K, used 349695K [0x00000000e0000000, 0x00000000f5580000, 0x00000000f5580000)
  object space 349696K, 99% used [0x00000000e0000000,0x00000000f557ffc8,0x00000000f5580000)
 Metaspace       used 58237K, committed 59136K, reserved 1105920K
  class space    used 5379K, committed 5824K, reserved 1048576K
GC Heap History (20 events):
Event: 550.136 GC heap before
{Heap before GC invocations=460 (full 359):
 PSYoungGen      total 44032K, used 21504K [0x00000000f5580000, 0x00000000f9780000, 0x0000000100000000)
  eden space 21504K, 100% used [0x00000000f5580000,0x00000000f6a80000,0x00000000f6a80000)
  from space 22528K, 0% used [0x00000000f6a80000,0x00000000f6a80000,0x00000000f8080000)
  to   space 21504K, 0% used [0x00000000f8180000,0x00000000f8180000,0x00000000f9680000)
 ParOldGen       total 349696K, used 349690K [0x00000000e0000000, 0x00000000f5580000, 0x00000000f5580000)
  object space 349696K, 99% used [0x00000000e0000000,0x00000000f557ea08,0x00000000f5580000)
 Metaspace       used 58237K, committed 59136K, reserved 1105920K
  class space    used 5379K, committed 5824K, reserved 1048576K
}
Event: 551.358 GC heap after
{Heap after GC invocations=460 (full 359):
 PSYoungGen      total 43008K, used 21503K [0x00000000f5580000, 0x00000000f9780000, 0x0000000100000000)
  eden space 21504K, 99% used [0x00000000f5580000,0x00000000f6a7ffe0,0x00000000f6a80000)
  from space 21504K, 0% used [0x00000000f8180000,0x00000000f8180000,0x00000000f9680000)
  to   space 22528K, 0% used [0x00000000f6a80000,0x00000000f6a80000,0x00000000f8080000)
 ParOldGen       total 349696K, used 349690K [0x00000000e0000000, 0x00000000f5580000, 0x00000000f5580000)
  object space 349696K, 99% used [0x00000000e0000000,0x00000000f557ea08,0x00000000f5580000)
 Metaspace       used 58237K, committed 59136K, reserved 1105920K
  class space    used 5379K, committed 5824K, reserved 1048576K
}
Event: 551.359 GC heap before
{Heap before GC invocations=461 (full 360):
 PSYoungGen      total 43008K, used 21503K [0x00000000f5580000, 0x00000000f9780000, 0x0000000100000000)
  eden space 21504K, 99% used [0x00000000f5580000,0x00000000f6a7fff8,0x00000000f6a80000)
  from space 21504K, 0% used [0x00000000f8180000,0x00000000f8180000,0x00000000f9680000)
  to   space 22528K, 0% used [0x00000000f6a80000,0x00000000f6a80000,0x00000000f8080000)
 ParOldGen       total 349696K, used 349690K [0x00000000e0000000, 0x00000000f5580000, 0x00000000f5580000)
  object space 349696K, 99% used [0x00000000e0000000,0x00000000f557ea08,0x00000000f5580000)
 Metaspace       used 58237K, committed 59136K, reserved 1105920K
  class space    used 5379K, committed 5824K, reserved 1048576K
}
Event: 552.569 GC heap after
{Heap after GC invocations=461 (full 360):
 PSYoungGen      total 44032K, used 21503K [0x00000000f5580000, 0x00000000f9780000, 0x0000000100000000)
  eden space 21504K, 99% used [0x00000000f5580000,0x00000000f6a7fff8,0x00000000f6a80000)
  from space 22528K, 0% used [0x00000000f6a80000,0x00000000f6a80000,0x00000000f8080000)
  to   space 21504K, 0% used [0x00000000f8180000,0x00000000f8180000,0x00000000f9680000)
 ParOldGen       total 349696K, used 349690K [0x00000000e0000000, 0x00000000f5580000, 0x00000000f5580000)
  object space 349696K, 99% used [0x00000000e0000000,0x00000000f557ea08,0x00000000f5580000)
 Metaspace       used 58237K, committed 59136K, reserved 1105920K
  class space    used 5379K, committed 5824K, reserved 1048576K
}
Event: 552.570 GC heap before
{Heap before GC invocations=462 (full 361):
 PSYoungGen      total 44032K, used 21503K [0x00000000f5580000, 0x00000000f9780000, 0x0000000100000000)
  eden space 21504K, 99% used [0x00000000f5580000,0x00000000f6a7fff8,0x00000000f6a80000)
  from space 22528K, 0% used [0x00000000f6a80000,0x00000000f6a80000,0x00000000f8080000)
  to   space 21504K, 0% used [0x00000000f8180000,0x00000000f8180000,0x00000000f9680000)
 ParOldGen       total 349696K, used 349693K [0x00000000e0000000, 0x00000000f5580000, 0x00000000f5580000)
  object space 349696K, 99% used [0x00000000e0000000,0x00000000f557f498,0x00000000f5580000)
 Metaspace       used 58237K, committed 59136K, reserved 1105920K
  class space    used 5379K, committed 5824K, reserved 1048576K
}
Event: 553.781 GC heap after
{Heap after GC invocations=462 (full 361):
 PSYoungGen      total 43008K, used 21503K [0x00000000f5580000, 0x00000000f9780000, 0x0000000100000000)
  eden space 21504K, 99% used [0x00000000f5580000,0x00000000f6a7fdb8,0x00000000f6a80000)
  from space 21504K, 0% used [0x00000000f8180000,0x00000000f8180000,0x00000000f9680000)
  to   space 22528K, 0% used [0x00000000f6a80000,0x00000000f6a80000,0x00000000f8080000)
 ParOldGen       total 349696K, used 349693K [0x00000000e0000000, 0x00000000f5580000, 0x00000000f5580000)
  object space 349696K, 99% used [0x00000000e0000000,0x00000000f557f438,0x00000000f5580000)
 Metaspace       used 58237K, committed 59136K, reserved 1105920K
  class space    used 5379K, committed 5824K, reserved 1048576K
}
Event: 553.781 GC heap before
{Heap before GC invocations=463 (full 362):
 PSYoungGen      total 43008K, used 21503K [0x00000000f5580000, 0x00000000f9780000, 0x0000000100000000)
  eden space 21504K, 99% used [0x00000000f5580000,0x00000000f6a7ffc8,0x00000000f6a80000)
  from space 21504K, 0% used [0x00000000f8180000,0x00000000f8180000,0x00000000f9680000)
  to   space 22528K, 0% used [0x00000000f6a80000,0x00000000f6a80000,0x00000000f8080000)
 ParOldGen       total 349696K, used 349693K [0x00000000e0000000, 0x00000000f5580000, 0x00000000f5580000)
  object space 349696K, 99% used [0x00000000e0000000,0x00000000f557f438,0x00000000f5580000)
 Metaspace       used 58237K, committed 59136K, reserved 1105920K
  class space    used 5379K, committed 5824K, reserved 1048576K
}
Event: 554.983 GC heap after
{Heap after GC invocations=463 (full 362):
 PSYoungGen      total 44032K, used 21503K [0x00000000f5580000, 0x00000000f9780000, 0x0000000100000000)
  eden space 21504K, 99% used [0x00000000f5580000,0x00000000f6a7ffb0,0x00000000f6a80000)
  from space 22528K, 0% used [0x00000000f6a80000,0x00000000f6a80000,0x00000000f8080000)
  to   space 21504K, 0% used [0x00000000f8180000,0x00000000f8180000,0x00000000f9680000)
 ParOldGen       total 349696K, used 349693K [0x00000000e0000000, 0x00000000f5580000, 0x00000000f5580000)
  object space 349696K, 99% used [0x00000000e0000000,0x00000000f557f420,0x00000000f5580000)
 Metaspace       used 58237K, committed 59136K, reserved 1105920K
  class space    used 5379K, committed 5824K, reserved 1048576K
}
Event: 554.984 GC heap before
{Heap before GC invocations=464 (full 363):
 PSYoungGen      total 44032K, used 21504K [0x00000000f5580000, 0x00000000f9780000, 0x0000000100000000)
  eden space 21504K, 100% used [0x00000000f5580000,0x00000000f6a80000,0x00000000f6a80000)
  from space 22528K, 0% used [0x00000000f6a80000,0x00000000f6a80000,0x00000000f8080000)
  to   space 21504K, 0% used [0x00000000f8180000,0x00000000f8180000,0x00000000f9680000)
 ParOldGen       total 349696K, used 349694K [0x00000000e0000000, 0x00000000f5580000, 0x00000000f5580000)
  object space 349696K, 99% used [0x00000000e0000000,0x00000000f557fbc8,0x00000000f5580000)
 Metaspace       used 58237K, committed 59136K, reserved 1105920K
  class space    used 5379K, committed 5824K, reserved 1048576K
}
Event: 556.384 GC heap after
{Heap after GC invocations=464 (full 363):
 PSYoungGen      total 43008K, used 21503K [0x00000000f5580000, 0x00000000f9780000, 0x0000000100000000)
  eden space 21504K, 99% used [0x00000000f5580000,0x00000000f6a7ff98,0x00000000f6a80000)
  from space 21504K, 0% used [0x00000000f8180000,0x00000000f8180000,0x00000000f9680000)
  to   space 22528K, 0% used [0x00000000f6a80000,0x00000000f6a80000,0x00000000f8080000)
 ParOldGen       total 349696K, used 349693K [0x00000000e0000000, 0x00000000f5580000, 0x00000000f5580000)
  object space 349696K, 99% used [0x00000000e0000000,0x00000000f557f7f8,0x00000000f5580000)
 Metaspace       used 58237K, committed 59136K, reserved 1105920K
  class space    used 5379K, committed 5824K, reserved 1048576K
}
Event: 556.384 GC heap before
{Heap before GC invocations=465 (full 364):
 PSYoungGen      total 43008K, used 21503K [0x00000000f5580000, 0x00000000f9780000, 0x0000000100000000)
  eden space 21504K, 99% used [0x00000000f5580000,0x00000000f6a7fff8,0x00000000f6a80000)
  from space 21504K, 0% used [0x00000000f8180000,0x00000000f8180000,0x00000000f9680000)
  to   space 22528K, 0% used [0x00000000f6a80000,0x00000000f6a80000,0x00000000f8080000)
 ParOldGen       total 349696K, used 349693K [0x00000000e0000000, 0x00000000f5580000, 0x00000000f5580000)
  object space 349696K, 99% used [0x00000000e0000000,0x00000000f557f7f8,0x00000000f5580000)
 Metaspace       used 58237K, committed 59136K, reserved 1105920K
  class space    used 5379K, committed 5824K, reserved 1048576K
}
Event: 557.704 GC heap after
{Heap after GC invocations=465 (full 364):
 PSYoungGen      total 44032K, used 21503K [0x00000000f5580000, 0x00000000f9780000, 0x0000000100000000)
  eden space 21504K, 99% used [0x00000000f5580000,0x00000000f6a7fff8,0x00000000f6a80000)
  from space 22528K, 0% used [0x00000000f6a80000,0x00000000f6a80000,0x00000000f8080000)
  to   space 21504K, 0% used [0x00000000f8180000,0x00000000f8180000,0x00000000f9680000)
 ParOldGen       total 349696K, used 349693K [0x00000000e0000000, 0x00000000f5580000, 0x00000000f5580000)
  object space 349696K, 99% used [0x00000000e0000000,0x00000000f557f7d8,0x00000000f5580000)
 Metaspace       used 58237K, committed 59136K, reserved 1105920K
  class space    used 5379K, committed 5824K, reserved 1048576K
}
Event: 557.706 GC heap before
{Heap before GC invocations=466 (full 365):
 PSYoungGen      total 44032K, used 21503K [0x00000000f5580000, 0x00000000f9780000, 0x0000000100000000)
  eden space 21504K, 99% used [0x00000000f5580000,0x00000000f6a7fff8,0x00000000f6a80000)
  from space 22528K, 0% used [0x00000000f6a80000,0x00000000f6a80000,0x00000000f8080000)
  to   space 21504K, 0% used [0x00000000f8180000,0x00000000f8180000,0x00000000f9680000)
 ParOldGen       total 349696K, used 349695K [0x00000000e0000000, 0x00000000f5580000, 0x00000000f5580000)
  object space 349696K, 99% used [0x00000000e0000000,0x00000000f557fff8,0x00000000f5580000)
 Metaspace       used 58237K, committed 59136K, reserved 1105920K
  class space    used 5379K, committed 5824K, reserved 1048576K
}
Event: 559.001 GC heap after
{Heap after GC invocations=466 (full 365):
 PSYoungGen      total 43008K, used 21503K [0x00000000f5580000, 0x00000000f9780000, 0x0000000100000000)
  eden space 21504K, 99% used [0x00000000f5580000,0x00000000f6a7ffd8,0x00000000f6a80000)
  from space 21504K, 0% used [0x00000000f8180000,0x00000000f8180000,0x00000000f9680000)
  to   space 22528K, 0% used [0x00000000f6a80000,0x00000000f6a80000,0x00000000f8080000)
 ParOldGen       total 349696K, used 349693K [0x00000000e0000000, 0x00000000f5580000, 0x00000000f5580000)
  object space 349696K, 99% used [0x00000000e0000000,0x00000000f557f7e0,0x00000000f5580000)
 Metaspace       used 58237K, committed 59136K, reserved 1105920K
  class space    used 5379K, committed 5824K, reserved 1048576K
}
Event: 559.001 GC heap before
{Heap before GC invocations=467 (full 366):
 PSYoungGen      total 43008K, used 21503K [0x00000000f5580000, 0x00000000f9780000, 0x0000000100000000)
  eden space 21504K, 99% used [0x00000000f5580000,0x00000000f6a7fff8,0x00000000f6a80000)
  from space 21504K, 0% used [0x00000000f8180000,0x00000000f8180000,0x00000000f9680000)
  to   space 22528K, 0% used [0x00000000f6a80000,0x00000000f6a80000,0x00000000f8080000)
 ParOldGen       total 349696K, used 349693K [0x00000000e0000000, 0x00000000f5580000, 0x00000000f5580000)
  object space 349696K, 99% used [0x00000000e0000000,0x00000000f557f7e0,0x00000000f5580000)
 Metaspace       used 58237K, committed 59136K, reserved 1105920K
  class space    used 5379K, committed 5824K, reserved 1048576K
}
Event: 560.178 GC heap after
{Heap after GC invocations=467 (full 366):
 PSYoungGen      total 44032K, used 21503K [0x00000000f5580000, 0x00000000f9780000, 0x0000000100000000)
  eden space 21504K, 99% used [0x00000000f5580000,0x00000000f6a7fff8,0x00000000f6a80000)
  from space 22528K, 0% used [0x00000000f6a80000,0x00000000f6a80000,0x00000000f8080000)
  to   space 21504K, 0% used [0x00000000f8180000,0x00000000f8180000,0x00000000f9680000)
 ParOldGen       total 349696K, used 349693K [0x00000000e0000000, 0x00000000f5580000, 0x00000000f5580000)
  object space 349696K, 99% used [0x00000000e0000000,0x00000000f557f7e0,0x00000000f5580000)
 Metaspace       used 58237K, committed 59136K, reserved 1105920K
  class space    used 5379K, committed 5824K, reserved 1048576K
}
Event: 560.179 GC heap before
{Heap before GC invocations=468 (full 367):
 PSYoungGen      total 44032K, used 21503K [0x00000000f5580000, 0x00000000f9780000, 0x0000000100000000)
  eden space 21504K, 99% used [0x00000000f5580000,0x00000000f6a7fff8,0x00000000f6a80000)
  from space 22528K, 0% used [0x00000000f6a80000,0x00000000f6a80000,0x00000000f8080000)
  to   space 21504K, 0% used [0x00000000f8180000,0x00000000f8180000,0x00000000f9680000)
 ParOldGen       total 349696K, used 349694K [0x00000000e0000000, 0x00000000f5580000, 0x00000000f5580000)
  object space 349696K, 99% used [0x00000000e0000000,0x00000000f557f860,0x00000000f5580000)
 Metaspace       used 58237K, committed 59136K, reserved 1105920K
  class space    used 5379K, committed 5824K, reserved 1048576K
}
Event: 561.455 GC heap after
{Heap after GC invocations=468 (full 367):
 PSYoungGen      total 43008K, used 21503K [0x00000000f5580000, 0x00000000f9780000, 0x0000000100000000)
  eden space 21504K, 99% used [0x00000000f5580000,0x00000000f6a7ffd8,0x00000000f6a80000)
  from space 21504K, 0% used [0x00000000f8180000,0x00000000f8180000,0x00000000f9680000)
  to   space 22528K, 0% used [0x00000000f6a80000,0x00000000f6a80000,0x00000000f8080000)
 ParOldGen       total 349696K, used 349694K [0x00000000e0000000, 0x00000000f5580000, 0x00000000f5580000)
  object space 349696K, 99% used [0x00000000e0000000,0x00000000f557f800,0x00000000f5580000)
 Metaspace       used 58237K, committed 59136K, reserved 1105920K
  class space    used 5379K, committed 5824K, reserved 1048576K
}
Event: 561.456 GC heap before
{Heap before GC invocations=469 (full 368):
 PSYoungGen      total 43008K, used 21503K [0x00000000f5580000, 0x00000000f9780000, 0x0000000100000000)
  eden space 21504K, 99% used [0x00000000f5580000,0x00000000f6a7ffd8,0x00000000f6a80000)
  from space 21504K, 0% used [0x00000000f8180000,0x00000000f8180000,0x00000000f9680000)
  to   space 22528K, 0% used [0x00000000f6a80000,0x00000000f6a80000,0x00000000f8080000)
 ParOldGen       total 349696K, used 349694K [0x00000000e0000000, 0x00000000f5580000, 0x00000000f5580000)
  object space 349696K, 99% used [0x00000000e0000000,0x00000000f557f800,0x00000000f5580000)
 Metaspace       used 58237K, committed 59136K, reserved 1105920K
  class space    used 5379K, committed 5824K, reserved 1048576K
}
Event: 562.699 GC heap after
{Heap after GC invocations=469 (full 368):
 PSYoungGen      total 44032K, used 21503K [0x00000000f5580000, 0x00000000f9780000, 0x0000000100000000)
  eden space 21504K, 99% used [0x00000000f5580000,0x00000000f6a7ff28,0x00000000f6a80000)
  from space 22528K, 0% used [0x00000000f6a80000,0x00000000f6a80000,0x00000000f8080000)
  to   space 21504K, 0% used [0x00000000f8180000,0x00000000f8180000,0x00000000f9680000)
 ParOldGen       total 349696K, used 349693K [0x00000000e0000000, 0x00000000f5580000, 0x00000000f5580000)
  object space 349696K, 99% used [0x00000000e0000000,0x00000000f557f4d8,0x00000000f5580000)
 Metaspace       used 58237K, committed 59136K, reserved 1105920K
  class space    used 5379K, committed 5824K, reserved 1048576K
}

